<?xml version="1.0" encoding="UTF-8"?>
<!-- Generated by org.testng.reporters.JUnitReportReporter -->
<testsuite hostname="vamshi" failures="0" tests="1" name="com.Mobile.MyApp.RunInBackground" time="23.266" errors="0" timestamp="2022-09-12T13:05:10 IST" skipped="0">
  <testcase classname="com.Mobile.MyApp.RunInBackground" name="runInBackground" time="23.266"/>
  <system-out/>
</testsuite> <!-- com.Mobile.MyApp.RunInBackground -->
