<?xml version="1.0" encoding="UTF-8"?>
<!-- Generated by org.testng.reporters.JUnitReportReporter -->
<testsuite hostname="vamshi" failures="0" tests="1" name="com.Appium.MyApp.SwipeAppDemo" time="31.352" errors="0" timestamp="2022-08-18T23:08:10 IST" skipped="0">
  <testcase classname="com.Appium.MyApp.SwipeAppDemo" name="swipeAppDemo" time="31.352"/>
  <system-out/>
</testsuite> <!-- com.Appium.MyApp.SwipeAppDemo -->
