<?xml version="1.0" encoding="UTF-8"?>
<!-- Generated by org.testng.reporters.JUnitReportReporter -->
<testsuite hostname="vamshi" failures="0" tests="1" name="com.Appium.MyApp.OrientationDemo" time="45.114" errors="0" timestamp="2022-08-18T17:10:20 IST" skipped="0">
  <testcase classname="com.Appium.MyApp.OrientationDemo" name="orientation" time="45.114"/>
  <system-out/>
</testsuite> <!-- com.Appium.MyApp.OrientationDemo -->
