<?xml version="1.0" encoding="UTF-8"?>
<!-- Generated by org.testng.reporters.JUnitReportReporter -->
<testsuite hostname="vamshi" failures="0" tests="1" name="com.Appium.MyApp.SwipeActionsOnTouchScreen" time="26.785" errors="0" timestamp="2022-08-18T22:57:01 IST" skipped="0">
  <testcase classname="com.Appium.MyApp.SwipeActionsOnTouchScreen" name="swipeActionsOnTouchScreen" time="26.785"/>
  <system-out/>
</testsuite> <!-- com.Appium.MyApp.SwipeActionsOnTouchScreen -->
