<?xml version="1.0" encoding="UTF-8"?>
<!-- Generated by org.testng.reporters.JUnitReportReporter -->
<testsuite hostname="vamshi" failures="0" tests="1" name="com.Appium.MyApp.TouchScreenDemo" time="109.894" errors="0" timestamp="2022-08-18T20:58:46 IST" skipped="0">
  <testcase classname="com.Appium.MyApp.TouchScreenDemo" name="touchScreenDemo" time="109.894"/>
  <system-out/>
</testsuite> <!-- com.Appium.MyApp.TouchScreenDemo -->
