<?xml version="1.0" encoding="UTF-8"?>
<!-- Generated by org.testng.reporters.JUnitReportReporter -->
<testsuite hostname="vamshi" failures="0" tests="1" name="com.Mobile.MyApp.SwipeActionsOnTouchScreen" time="43.140" errors="0" timestamp="2022-08-28T20:45:55 IST" skipped="0">
  <testcase classname="com.Mobile.MyApp.SwipeActionsOnTouchScreen" name="swipeActionsOnTouchScreen" time="43.140"/>
  <system-out/>
</testsuite> <!-- com.Mobile.MyApp.SwipeActionsOnTouchScreen -->
