<?xml version="1.0" encoding="UTF-8"?>
<!-- Generated by org.testng.reporters.JUnitReportReporter -->
<testsuite hostname="vamshi" failures="0" tests="1" name="com.Mobile.MyApp.ZoomInZoomOut1" time="42.408" errors="0" timestamp="2022-08-20T11:07:09 IST" skipped="0">
  <testcase classname="com.Mobile.MyApp.ZoomInZoomOut1" name="zoomInZoomOut1" time="42.408"/>
  <system-out/>
</testsuite> <!-- com.Mobile.MyApp.ZoomInZoomOut1 -->
