<?xml version="1.0" encoding="UTF-8"?>
<!-- Generated by org.testng.reporters.JUnitReportReporter -->
<testsuite hostname="vamshi" failures="0" tests="1" name="com.Mobile.MyApp.LaunchGeneralStore" time="10.563" errors="0" timestamp="2022-10-12T13:24:14 IST" skipped="0">
  <testcase classname="com.Mobile.MyApp.LaunchGeneralStore" name="launchGeneralStore" time="10.563"/>
  <system-out/>
</testsuite> <!-- com.Mobile.MyApp.LaunchGeneralStore -->
