<?xml version="1.0" encoding="UTF-8"?>
<!-- Generated by org.testng.reporters.JUnitReportReporter -->
<testsuite hostname="vamshi" failures="0" tests="1" name="com.Appium.MyApp.LaunchGeneralStore" time="19.456" errors="0" timestamp="2022-08-17T23:07:54 IST" skipped="0">
  <testcase classname="com.Appium.MyApp.LaunchGeneralStore" name="launchGeneralStore" time="19.456"/>
  <system-out/>
</testsuite> <!-- com.Appium.MyApp.LaunchGeneralStore -->
