<?xml version="1.0" encoding="UTF-8"?>
<!-- Generated by org.testng.reporters.JUnitReportReporter -->
<testsuite hostname="vamshi" failures="0" tests="1" name="com.Mobile.MyApp.KeyEventsTest" time="14.301" errors="0" timestamp="2022-09-11T11:04:12 IST" skipped="0">
  <testcase classname="com.Mobile.MyApp.KeyEventsTest" name="generalStoreKeys" time="14.301"/>
  <system-out/>
</testsuite> <!-- com.Mobile.MyApp.KeyEventsTest -->
