<?xml version="1.0" encoding="UTF-8"?>
<!-- Generated by org.testng.reporters.JUnitReportReporter -->
<testsuite hostname="vamshi" failures="0" tests="1" name="com.Mobile.MyApp.AutoComplete" time="37.012" errors="0" timestamp="2022-09-11T12:35:33 IST" skipped="0">
  <testcase classname="com.Mobile.MyApp.AutoComplete" name="autoComplete" time="37.012"/>
  <system-out/>
</testsuite> <!-- com.Mobile.MyApp.AutoComplete -->
