<?xml version="1.0" encoding="UTF-8"?>
<!-- Generated by org.testng.reporters.JUnitReportReporter -->
<testsuite hostname="vamshi" failures="0" tests="1" name="com.Mobile.MyApp.OrientationDemo" time="18.021" errors="0" timestamp="2022-09-09T10:13:14 IST" skipped="0">
  <testcase classname="com.Mobile.MyApp.OrientationDemo" name="orientation" time="18.021"/>
  <system-out/>
</testsuite> <!-- com.Mobile.MyApp.OrientationDemo -->
