<?xml version="1.0" encoding="UTF-8"?>
<!-- Generated by org.testng.reporters.JUnitReportReporter -->
<testsuite hostname="vamshi" failures="0" tests="1" name="com.Practise.Appium.AppiumServer" time="3.475" errors="0" timestamp="2022-10-03T11:01:09 IST" skipped="0">
  <testcase classname="com.Practise.Appium.AppiumServer" name="appiumServer" time="3.475"/>
  <system-out/>
</testsuite> <!-- com.Practise.Appium.AppiumServer -->
