<?xml version="1.0" encoding="UTF-8"?>
<!-- Generated by org.testng.reporters.JUnitReportReporter -->
<testsuite hostname="vamshi" failures="0" tests="1" name="com.Appium.MyApp.InstallApp" time="27.800" errors="0" timestamp="2022-08-17T16:54:09 IST" skipped="0">
  <testcase classname="com.Appium.MyApp.InstallApp" name="installApp" time="27.800"/>
  <system-out/>
</testsuite> <!-- com.Appium.MyApp.InstallApp -->
