<?xml version="1.0" encoding="UTF-8"?>
<!-- Generated by org.testng.reporters.JUnitReportReporter -->
<testsuite hostname="vamshi" failures="0" tests="1" name="com.Mobile.MyApp.InstallGeneralStoreApp" time="30.102" errors="0" timestamp="2022-09-10T20:58:43 IST" skipped="0">
  <testcase classname="com.Mobile.MyApp.InstallGeneralStoreApp" name="installApp" time="30.102"/>
  <system-out/>
</testsuite> <!-- com.Mobile.MyApp.InstallGeneralStoreApp -->
