<?xml version="1.0" encoding="UTF-8"?>
<!-- Generated by org.testng.reporters.JUnitReportReporter -->
<testsuite hostname="vamshi" failures="0" tests="1" name="com.Appium.MyApp.LaunchTouchScreenAppDemo" time="24.248" errors="0" timestamp="2022-08-18T21:29:24 IST" skipped="0">
  <testcase classname="com.Appium.MyApp.LaunchTouchScreenAppDemo" name="launchTouchScreenApp" time="24.248"/>
  <system-out/>
</testsuite> <!-- com.Appium.MyApp.LaunchTouchScreenAppDemo -->
