<?xml version="1.0" encoding="UTF-8"?>
<!-- Generated by org.testng.reporters.JUnitReportReporter -->
<testsuite hostname="vamshi" failures="0" tests="1" name="com.Appium.MyApp.LaunchApp" time="29.403" errors="0" timestamp="2022-08-17T16:50:36 IST" skipped="0">
  <testcase classname="com.Appium.MyApp.LaunchApp" name="launchApp" time="29.403"/>
  <system-out/>
</testsuite> <!-- com.Appium.MyApp.LaunchApp -->
