<?xml version="1.0" encoding="UTF-8"?>
<!-- Generated by org.testng.reporters.JUnitReportReporter -->
<testsuite hostname="vamshi" failures="0" tests="1" name="com.Mobile.MyApp.HorizontalScrool" time="40.517" errors="0" timestamp="2022-10-19T12:11:28 IST" skipped="0">
  <testcase classname="com.Mobile.MyApp.HorizontalScrool" name="scroolDemo" time="40.517"/>
  <system-out/>
</testsuite> <!-- com.Mobile.MyApp.HorizontalScrool -->
