<?xml version="1.0" encoding="UTF-8"?>
<!-- Generated by org.testng.reporters.JUnitReportReporter -->
<testsuite hostname="vamshi" failures="0" tests="1" name="com.Mobile.MyApp.DragAndDrop" time="35.194" errors="0" timestamp="2022-09-12T13:03:51 IST" skipped="0">
  <testcase classname="com.Mobile.MyApp.DragAndDrop" name="dragAndDrop" time="35.194"/>
  <system-out/>
</testsuite> <!-- com.Mobile.MyApp.DragAndDrop -->
