<?xml version="1.0" encoding="UTF-8"?>
<!-- Generated by org.testng.reporters.JUnitReportReporter -->
<testsuite hostname="vamshi" failures="0" tests="1" name="com.Appium.MyApp.UnInstallTouchScreenDemo" time="46.665" errors="0" timestamp="2022-08-18T21:11:50 IST" skipped="0">
  <testcase classname="com.Appium.MyApp.UnInstallTouchScreenDemo" name="unInstallTouchScreenDemo" time="46.665"/>
  <system-out/>
</testsuite> <!-- com.Appium.MyApp.UnInstallTouchScreenDemo -->
