<?xml version="1.0" encoding="UTF-8"?>
<!-- Generated by org.testng.reporters.JUnitReportReporter -->
<testsuite hostname="vamshi" failures="0" tests="1" name="com.Appium.MyApp.DragAndDrop" time="41.880" errors="0" timestamp="2022-08-18T22:27:33 IST" skipped="0">
  <testcase classname="com.Appium.MyApp.DragAndDrop" name="dragAndDrop" time="41.880"/>
  <system-out/>
</testsuite> <!-- com.Appium.MyApp.DragAndDrop -->
