<?xml version="1.0" encoding="UTF-8"?>
<!-- Generated by org.testng.reporters.JUnitReportReporter -->
<testsuite hostname="vamshi" failures="0" tests="1" name="com.Appium.MyApp.RunInBackground" time="60.987" errors="0" timestamp="2022-08-18T17:11:39 IST" skipped="0">
  <testcase classname="com.Appium.MyApp.RunInBackground" name="runInBackground" time="60.987"/>
  <system-out/>
</testsuite> <!-- com.Appium.MyApp.RunInBackground -->
