<?xml version="1.0" encoding="UTF-8"?>
<!-- Generated by org.testng.reporters.JUnitReportReporter -->
<testsuite hostname="vamshi" failures="0" tests="1" name="com.Mobile.MyApp.ScroolDemo" time="32.140" errors="0" timestamp="2022-09-11T14:41:56 IST" skipped="0">
  <testcase classname="com.Mobile.MyApp.ScroolDemo" name="scroolDemo" time="32.140"/>
  <system-out/>
</testsuite> <!-- com.Mobile.MyApp.ScroolDemo -->
