<?xml version="1.0" encoding="UTF-8"?>
<!-- Generated by org.testng.reporters.JUnitReportReporter -->
<testsuite hostname="vamshi" failures="0" tests="1" name="com.Mobile.MyApp.NetworkConnectionsDemo" time="9.065" errors="0" timestamp="2022-09-12T12:26:01 IST" skipped="0">
  <testcase classname="com.Mobile.MyApp.NetworkConnectionsDemo" name="networkConnectios" time="9.065"/>
  <system-out/>
</testsuite> <!-- com.Mobile.MyApp.NetworkConnectionsDemo -->
