<?xml version="1.0" encoding="UTF-8"?>
<!-- Generated by org.testng.reporters.JUnitReportReporter -->
<testsuite hostname="vamshi" failures="0" tests="1" name="com.Mobile.MyApp.ApiDemos1" time="46.902" errors="0" timestamp="2022-08-28T20:51:39 IST" skipped="0">
  <testcase classname="com.Mobile.MyApp.ApiDemos1" name="apiDemos1" time="46.902"/>
  <system-out/>
</testsuite> <!-- com.Mobile.MyApp.ApiDemos1 -->
