<?xml version="1.0" encoding="UTF-8"?>
<!-- Generated by org.testng.reporters.JUnitReportReporter -->
<testsuite hostname="vamshi" failures="0" tests="1" name="com.Appium.MyApp.InstallTouchScreenDemo" time="30.019" errors="0" timestamp="2022-08-18T21:14:12 IST" skipped="0">
  <testcase classname="com.Appium.MyApp.InstallTouchScreenDemo" name="touchScreenDemo" time="30.019"/>
  <system-out/>
</testsuite> <!-- com.Appium.MyApp.InstallTouchScreenDemo -->
